<?xml version="1.0" encoding="UTF-8"?>
<!-- Generated by org.testng.reporters.JUnitXMLReporter -->
<testsuite hostname="ARPF1YW7T8" ignored="0" name="Default test" tests="4" failures="0" timestamp="2020-05-20T21:05:41 ART" time="9.538" errors="0">
  <testcase name="f" time="1.372" classname="pruebas.Laboratorio4E1"/>
  <testcase name="ingreso" time="2.272" classname="pruebas.Laboratorio4E1"/>
  <testcase name="ingreso" time="2.469" classname="pruebas.Laboratorio4E1"/>
  <testcase name="ingreso" time="2.246" classname="pruebas.Laboratorio4E1"/>
</testsuite> <!-- Default test -->
