<?xml version="1.0" encoding="UTF-8"?>
<testng-results skipped="0" failed="0" ignored="0" total="4" passed="4">
  <reporter-output>
  </reporter-output>
  <suite name="Default suite" duration-ms="9538" started-at="2020-05-20T21:05:32 ART" finished-at="2020-05-20T21:05:41 ART">
    <groups>
    </groups>
    <test name="Default test" duration-ms="9538" started-at="2020-05-20T21:05:32 ART" finished-at="2020-05-20T21:05:41 ART">
      <class name="pruebas.Laboratorio4E1">
        <test-method status="PASS" signature="setUp()[pri:0, instance:pruebas.Laboratorio4E1@71bbf57e]" name="setUp" is-config="true" duration-ms="11405" started-at="2020-05-20T21:05:20 ART" finished-at="2020-05-20T21:05:32 ART">
          <reporter-output>
          </reporter-output>
        </test-method> <!-- setUp -->
        <test-method status="PASS" signature="f()[pri:0, instance:pruebas.Laboratorio4E1@71bbf57e]" name="f" duration-ms="1372" started-at="2020-05-20T21:05:32 ART" finished-at="2020-05-20T21:05:33 ART">
          <reporter-output>
          </reporter-output>
        </test-method> <!-- f -->
        <test-method status="PASS" signature="ingreso(java.lang.String, java.lang.String)[pri:1, instance:pruebas.Laboratorio4E1@71bbf57e]" name="ingreso" duration-ms="2272" started-at="2020-05-20T21:05:34 ART" data-provider="Registro invalido excel" finished-at="2020-05-20T21:05:37 ART">
          <params>
            <param index="0">
              <value>
                <![CDATA[Danilo]]>
              </value>
            </param>
            <param index="1">
              <value>
                <![CDATA[123456]]>
              </value>
            </param>
          </params>
          <reporter-output>
          </reporter-output>
        </test-method> <!-- ingreso -->
        <test-method status="PASS" signature="ingreso(java.lang.String, java.lang.String)[pri:1, instance:pruebas.Laboratorio4E1@71bbf57e]" name="ingreso" duration-ms="2469" started-at="2020-05-20T21:05:37 ART" data-provider="Registro invalido excel" finished-at="2020-05-20T21:05:39 ART">
          <params>
            <param index="0">
              <value>
                <![CDATA[Pedro]]>
              </value>
            </param>
            <param index="1">
              <value>
                <![CDATA[88374]]>
              </value>
            </param>
          </params>
          <reporter-output>
          </reporter-output>
        </test-method> <!-- ingreso -->
        <test-method status="PASS" signature="ingreso(java.lang.String, java.lang.String)[pri:1, instance:pruebas.Laboratorio4E1@71bbf57e]" name="ingreso" duration-ms="2246" started-at="2020-05-20T21:05:39 ART" data-provider="Registro invalido excel" finished-at="2020-05-20T21:05:41 ART">
          <params>
            <param index="0">
              <value>
                <![CDATA[Lucas]]>
              </value>
            </param>
            <param index="1">
              <value>
                <![CDATA[234412]]>
              </value>
            </param>
          </params>
          <reporter-output>
          </reporter-output>
        </test-method> <!-- ingreso -->
        <test-method status="PASS" signature="afterSuite()[pri:0, instance:pruebas.Laboratorio4E1@71bbf57e]" name="afterSuite" is-config="true" duration-ms="1196" started-at="2020-05-20T21:05:41 ART" finished-at="2020-05-20T21:05:43 ART">
          <reporter-output>
          </reporter-output>
        </test-method> <!-- afterSuite -->
      </class> <!-- pruebas.Laboratorio4E1 -->
    </test> <!-- Default test -->
  </suite> <!-- Default suite -->
</testng-results>
